#! /opt/homebrew/Cellar/icarus-verilog/12.0/bin/vvp
:ivl_version "12.0 (stable)";
:ivl_delay_selection "TYPICAL";
:vpi_time_precision - 12;
:vpi_module "/opt/homebrew/Cellar/icarus-verilog/12.0/lib/ivl/system.vpi";
:vpi_module "/opt/homebrew/Cellar/icarus-verilog/12.0/lib/ivl/vhdl_sys.vpi";
:vpi_module "/opt/homebrew/Cellar/icarus-verilog/12.0/lib/ivl/vhdl_textio.vpi";
:vpi_module "/opt/homebrew/Cellar/icarus-verilog/12.0/lib/ivl/v2005_math.vpi";
:vpi_module "/opt/homebrew/Cellar/icarus-verilog/12.0/lib/ivl/va_math.vpi";
S_0x14a004800 .scope module, "bcdto7segment_dataflow" "bcdto7segment_dataflow" 2 23;
 .timescale -9 -12;
    .port_info 0 /INPUT 4 "x";
    .port_info 1 /OUTPUT 4 "an";
    .port_info 2 /OUTPUT 7 "seg";
v0x14a009b50_0 .var "an", 0 3;
v0x14a019bb0_0 .var "seg", 0 6;
o0x140030070 .functor BUFZ 4, C4<zzzz>; HiZ drive
v0x14a019c50_0 .net "x", 0 3, o0x140030070;  0 drivers
E_0x14a004cb0 .event anyedge, v0x14a019c50_0;
    .scope S_0x14a004800;
T_0 ;
    %wait E_0x14a004cb0;
    %pushi/vec4 1, 0, 4;
    %store/vec4 v0x14a009b50_0, 0, 4;
    %load/vec4 v0x14a019c50_0;
    %dup/vec4;
    %pushi/vec4 0, 0, 4;
    %cmp/u;
    %jmp/1 T_0.0, 6;
    %dup/vec4;
    %pushi/vec4 1, 0, 4;
    %cmp/u;
    %jmp/1 T_0.1, 6;
    %dup/vec4;
    %pushi/vec4 2, 0, 4;
    %cmp/u;
    %jmp/1 T_0.2, 6;
    %dup/vec4;
    %pushi/vec4 3, 0, 4;
    %cmp/u;
    %jmp/1 T_0.3, 6;
    %dup/vec4;
    %pushi/vec4 4, 0, 4;
    %cmp/u;
    %jmp/1 T_0.4, 6;
    %dup/vec4;
    %pushi/vec4 5, 0, 4;
    %cmp/u;
    %jmp/1 T_0.5, 6;
    %dup/vec4;
    %pushi/vec4 6, 0, 4;
    %cmp/u;
    %jmp/1 T_0.6, 6;
    %dup/vec4;
    %pushi/vec4 7, 0, 4;
    %cmp/u;
    %jmp/1 T_0.7, 6;
    %dup/vec4;
    %pushi/vec4 8, 0, 4;
    %cmp/u;
    %jmp/1 T_0.8, 6;
    %dup/vec4;
    %pushi/vec4 9, 0, 4;
    %cmp/u;
    %jmp/1 T_0.9, 6;
    %dup/vec4;
    %pushi/vec4 10, 0, 4;
    %cmp/u;
    %jmp/1 T_0.10, 6;
    %dup/vec4;
    %pushi/vec4 11, 0, 4;
    %cmp/u;
    %jmp/1 T_0.11, 6;
    %dup/vec4;
    %pushi/vec4 12, 0, 4;
    %cmp/u;
    %jmp/1 T_0.12, 6;
    %dup/vec4;
    %pushi/vec4 13, 0, 4;
    %cmp/u;
    %jmp/1 T_0.13, 6;
    %dup/vec4;
    %pushi/vec4 14, 0, 4;
    %cmp/u;
    %jmp/1 T_0.14, 6;
    %dup/vec4;
    %pushi/vec4 15, 0, 4;
    %cmp/u;
    %jmp/1 T_0.15, 6;
    %jmp T_0.16;
T_0.0 ;
    %pushi/vec4 1, 0, 7;
    %store/vec4 v0x14a019bb0_0, 0, 7;
    %jmp T_0.16;
T_0.1 ;
    %pushi/vec4 79, 0, 7;
    %store/vec4 v0x14a019bb0_0, 0, 7;
    %jmp T_0.16;
T_0.2 ;
    %pushi/vec4 18, 0, 7;
    %store/vec4 v0x14a019bb0_0, 0, 7;
    %jmp T_0.16;
T_0.3 ;
    %pushi/vec4 6, 0, 7;
    %store/vec4 v0x14a019bb0_0, 0, 7;
    %jmp T_0.16;
T_0.4 ;
    %pushi/vec4 76, 0, 7;
    %store/vec4 v0x14a019bb0_0, 0, 7;
    %jmp T_0.16;
T_0.5 ;
    %pushi/vec4 36, 0, 7;
    %store/vec4 v0x14a019bb0_0, 0, 7;
    %jmp T_0.16;
T_0.6 ;
    %pushi/vec4 32, 0, 7;
    %store/vec4 v0x14a019bb0_0, 0, 7;
    %jmp T_0.16;
T_0.7 ;
    %pushi/vec4 15, 0, 7;
    %store/vec4 v0x14a019bb0_0, 0, 7;
    %jmp T_0.16;
T_0.8 ;
    %pushi/vec4 0, 0, 7;
    %store/vec4 v0x14a019bb0_0, 0, 7;
    %jmp T_0.16;
T_0.9 ;
    %pushi/vec4 4, 0, 7;
    %store/vec4 v0x14a019bb0_0, 0, 7;
    %jmp T_0.16;
T_0.10 ;
    %pushi/vec4 8, 0, 7;
    %store/vec4 v0x14a019bb0_0, 0, 7;
    %jmp T_0.16;
T_0.11 ;
    %pushi/vec4 96, 0, 7;
    %store/vec4 v0x14a019bb0_0, 0, 7;
    %jmp T_0.16;
T_0.12 ;
    %pushi/vec4 49, 0, 7;
    %store/vec4 v0x14a019bb0_0, 0, 7;
    %jmp T_0.16;
T_0.13 ;
    %pushi/vec4 66, 0, 7;
    %store/vec4 v0x14a019bb0_0, 0, 7;
    %jmp T_0.16;
T_0.14 ;
    %pushi/vec4 48, 0, 7;
    %store/vec4 v0x14a019bb0_0, 0, 7;
    %jmp T_0.16;
T_0.15 ;
    %pushi/vec4 56, 0, 7;
    %store/vec4 v0x14a019bb0_0, 0, 7;
    %jmp T_0.16;
T_0.16 ;
    %pop/vec4 1;
    %jmp T_0;
    .thread T_0, $push;
# The file index is used to find the file name in the following table.
:file_names 3;
    "N/A";
    "<interactive>";
    "Lab2/lab2_1_1.v";
