#! /opt/homebrew/Cellar/icarus-verilog/12.0/bin/vvp
:ivl_version "12.0 (stable)";
:ivl_delay_selection "TYPICAL";
:vpi_time_precision - 12;
:vpi_module "/opt/homebrew/Cellar/icarus-verilog/12.0/lib/ivl/system.vpi";
:vpi_module "/opt/homebrew/Cellar/icarus-verilog/12.0/lib/ivl/vhdl_sys.vpi";
:vpi_module "/opt/homebrew/Cellar/icarus-verilog/12.0/lib/ivl/vhdl_textio.vpi";
:vpi_module "/opt/homebrew/Cellar/icarus-verilog/12.0/lib/ivl/v2005_math.vpi";
:vpi_module "/opt/homebrew/Cellar/icarus-verilog/12.0/lib/ivl/va_math.vpi";
S_0x1439058f0 .scope module, "lab2_2_1" "lab2_2_1" 2 22;
 .timescale -9 -12;
    .port_info 0 /INPUT 4 "x";
    .port_info 1 /OUTPUT 5 "y";
o0x138030010 .functor BUFZ 4, C4<zzzz>; HiZ drive
v0x143904760_0 .net "x", 3 0, o0x138030010;  0 drivers
o0x138030040 .functor BUFZ 5, C4<zzzzz>; HiZ drive
v0x143915920_0 .net "y", 4 0, o0x138030040;  0 drivers
# The file index is used to find the file name in the following table.
:file_names 3;
    "N/A";
    "<interactive>";
    "lab2_2_2.v";
